#! /c/Source/iverilog-install/bin/vvp
:ivl_version "12.0 (devel)" "(s20150603-1539-g2693dd32b)";
:ivl_delay_selection "TYPICAL";
:vpi_time_precision + 0;
:vpi_module "C:\iverilog\lib\ivl\system.vpi";
:vpi_module "C:\iverilog\lib\ivl\vhdl_sys.vpi";
:vpi_module "C:\iverilog\lib\ivl\vhdl_textio.vpi";
:vpi_module "C:\iverilog\lib\ivl\v2005_math.vpi";
:vpi_module "C:\iverilog\lib\ivl\va_math.vpi";
S_000002a83779d420 .scope module, "top" "top" 2 3;
 .timescale 0 0;
    .port_info 0 /INPUT 1 "rst";
    .port_info 1 /INPUT 1 "clk";
    .port_info 2 /OUTPUT 32 "cycle";
v000002a83819dd10_0 .net "addr", 31 0, L_000002a8381fa770;  1 drivers
o000002a8381633e8 .functor BUFZ 1, C4<z>; HiZ drive
v000002a83819e530_0 .net "clk", 0 0, o000002a8381633e8;  0 drivers
v000002a83819d8b0_0 .net "cycle", 31 0, v000002a8377ca770_0;  1 drivers
v000002a83819d9f0_0 .net "mem_rdata", 31 0, v000002a8377cc110_0;  1 drivers
v000002a83819e170_0 .net "mem_wdata", 31 0, L_000002a8381fb710;  1 drivers
o000002a8381639b8 .functor BUFZ 1, C4<z>; HiZ drive
v000002a83819d950_0 .net "rst", 0 0, o000002a8381639b8;  0 drivers
v000002a83819e7b0_0 .net "rstrb", 0 0, L_000002a8381f7140;  1 drivers
v000002a83819da90_0 .net "wr_strobe", 3 0, L_000002a8381f7ae0;  1 drivers
S_000002a83774b190 .scope module, "cpu0" "cpu" 2 12, 3 16 0, S_000002a83779d420;
 .timescale 0 0;
    .port_info 0 /INPUT 1 "rst";
    .port_info 1 /INPUT 1 "clk";
    .port_info 2 /INPUT 32 "mem_rdata";
    .port_info 3 /OUTPUT 32 "mem_addr";
    .port_info 4 /OUTPUT 32 "mem_wdata";
    .port_info 5 /OUTPUT 1 "mem_rstrb";
    .port_info 6 /OUTPUT 32 "cycle";
    .port_info 7 /OUTPUT 4 "mem_wstrb";
P_000002a83774b320 .param/l "BYTE" 0 3 31, +C4<00000000000000000000000000000101>;
P_000002a83774b358 .param/l "DECODE" 0 3 31, +C4<00000000000000000000000000000011>;
P_000002a83774b390 .param/l "EXECUTE" 0 3 31, +C4<00000000000000000000000000000100>;
P_000002a83774b3c8 .param/l "FETCH" 0 3 31, +C4<00000000000000000000000000000010>;
P_000002a83774b400 .param/l "HLT" 0 3 31, +C4<00000000000000000000000000000111>;
P_000002a83774b438 .param/l "RESET" 0 3 31, +C4<00000000000000000000000000000000>;
P_000002a83774b470 .param/l "WAIT" 0 3 31, +C4<00000000000000000000000000000001>;
P_000002a83774b4a8 .param/l "WAIT_LOADING" 0 3 31, +C4<00000000000000000000000000000110>;
L_000002a837798440 .functor XOR 32, v000002a8377cb210_0, L_000002a8381f9870, C4<00000000000000000000000000000000>, C4<00000000000000000000000000000000>;
L_000002a837798520 .functor OR 32, v000002a8377cb210_0, L_000002a8381f9870, C4<00000000000000000000000000000000>, C4<00000000000000000000000000000000>;
L_000002a837798d70 .functor AND 32, v000002a8377cb210_0, L_000002a8381f9870, C4<11111111111111111111111111111111>, C4<11111111111111111111111111111111>;
L_000002a837798750 .functor NOT 32, L_000002a8381f9870, C4<00000000000000000000000000000000>, C4<00000000000000000000000000000000>, C4<00000000000000000000000000000000>;
L_000002a837798590 .functor XOR 1, L_000002a83819c7d0, L_000002a83819b330, C4<0>, C4<0>;
L_000002a837798f30 .functor AND 1, L_000002a83819bdd0, L_000002a83819c4b0, C4<1>, C4<1>;
L_000002a837798670 .functor AND 1, L_000002a83819ae30, L_000002a83819cb90, C4<1>, C4<1>;
L_000002a8377992b0 .functor OR 1, L_000002a837798f30, L_000002a837798670, C4<0>, C4<0>;
L_000002a8377986e0 .functor AND 1, L_000002a83819c9b0, L_000002a83819c910, C4<1>, C4<1>;
L_000002a837798600 .functor OR 1, L_000002a8377992b0, L_000002a8377986e0, C4<0>, C4<0>;
L_000002a837798830 .functor AND 1, L_000002a83819bb50, L_000002a83819b6f0, C4<1>, C4<1>;
L_000002a837799320 .functor OR 1, L_000002a837798600, L_000002a837798830, C4<0>, C4<0>;
L_000002a8377987c0 .functor AND 1, L_000002a83819ca50, L_000002a83819b790, C4<1>, C4<1>;
L_000002a837798910 .functor OR 1, L_000002a837799320, L_000002a8377987c0, C4<0>, C4<0>;
L_000002a8377990f0 .functor AND 1, L_000002a83819bbf0, L_000002a83819caf0, C4<1>, C4<1>;
L_000002a8377988a0 .functor OR 1, L_000002a837798910, L_000002a8377990f0, C4<0>, C4<0>;
L_000002a837798b40 .functor AND 1, L_000002a83819be70, L_000002a83819c870, C4<1>, C4<1>;
L_000002a8377984b0 .functor NOT 1, L_000002a83819bf10, C4<0>, C4<0>, C4<0>;
L_000002a8377989f0 .functor AND 1, L_000002a837798b40, L_000002a8377984b0, C4<1>, C4<1>;
L_000002a837799160 .functor AND 1, L_000002a83819cd70, L_000002a83819b290, C4<1>, C4<1>;
L_000002a837798a60 .functor OR 1, L_000002a83819c370, L_000002a83819b0b0, C4<0>, C4<0>;
L_000002a837798de0 .functor NOT 1, L_000002a837798a60, C4<0>, C4<0>, C4<0>;
L_000002a837798fa0 .functor AND 1, L_000002a83819a930, L_000002a837798de0, C4<1>, C4<1>;
L_000002a837798bb0 .functor AND 1, L_000002a837798fa0, L_000002a83819c550, C4<1>, C4<1>;
L_000002a837799080 .functor OR 1, L_000002a83819c370, L_000002a83819b0b0, C4<0>, C4<0>;
L_000002a837798c20 .functor AND 1, L_000002a83819ba10, L_000002a83819c230, C4<1>, C4<1>;
L_000002a837798d00 .functor AND 1, L_000002a83819ccd0, L_000002a83819ce10, C4<1>, C4<1>;
L_000002a837798e50 .functor NOT 1, L_000002a83819cf50, C4<0>, C4<0>, C4<0>;
L_000002a8377991d0 .functor AND 1, L_000002a83819ceb0, L_000002a837798e50, C4<1>, C4<1>;
L_000002a837799240 .functor AND 1, L_000002a83819d090, L_000002a83819aa70, C4<1>, C4<1>;
L_000002a8381f76f0 .functor OR 1, L_000002a83819c370, L_000002a83819b0b0, C4<0>, C4<0>;
L_000002a8381f7840 .functor OR 1, L_000002a8381f76f0, L_000002a83819ac50, C4<0>, C4<0>;
L_000002a8381f78b0 .functor OR 1, L_000002a83819c870, L_000002a83819b3d0, C4<0>, C4<0>;
L_000002a8381f7220 .functor OR 1, L_000002a83819b290, L_000002a83819b0b0, C4<0>, C4<0>;
L_000002a8381f77d0 .functor OR 1, L_000002a8381f7220, L_000002a83819ac50, C4<0>, C4<0>;
L_000002a8381f7610 .functor OR 1, L_000002a8381fa950, L_000002a8381f8dd0, C4<0>, C4<0>;
L_000002a8381f71b0 .functor AND 1, L_000002a8381f8bf0, L_000002a8381f8e70, C4<1>, C4<1>;
L_000002a8381f7920 .functor AND 1, L_000002a8381f97d0, L_000002a83819c370, C4<1>, C4<1>;
L_000002a8381f7ae0 .functor AND 4, L_000002a8381faa90, L_000002a8381f9eb0, C4<1111>, C4<1111>;
L_000002a8381f7b50 .functor OR 1, L_000002a83819c370, L_000002a83819b0b0, C4<0>, C4<0>;
L_000002a8381f7ca0 .functor OR 1, L_000002a8381fa950, L_000002a8381fa130, C4<0>, C4<0>;
L_000002a8381f7680 .functor AND 1, L_000002a8381f7b50, L_000002a8381f7ca0, C4<1>, C4<1>;
L_000002a8381f7300 .functor AND 1, L_000002a83819b0b0, L_000002a8381fa950, C4<1>, C4<1>;
L_000002a8381f7140 .functor OR 1, L_000002a8381fa810, L_000002a8381f7300, C4<0>, C4<0>;
L_000002a8381f7990 .functor OR 1, L_000002a83819b290, L_000002a83819c870, C4<0>, C4<0>;
L_000002a8381f7370 .functor OR 1, L_000002a8381f7990, L_000002a83819bab0, C4<0>, C4<0>;
L_000002a8381f7450 .functor OR 1, L_000002a8381f7370, L_000002a83819ac50, C4<0>, C4<0>;
L_000002a8381f7bc0 .functor OR 1, L_000002a8381f7450, L_000002a83819b470, C4<0>, C4<0>;
L_000002a8381f7a00 .functor OR 1, L_000002a8381f7bc0, L_000002a83819b150, C4<0>, C4<0>;
L_000002a8381f7f40 .functor AND 1, L_000002a8381f7a00, L_000002a8381fba30, C4<1>, C4<1>;
L_000002a8381f7a70 .functor AND 1, L_000002a83819b0b0, L_000002a8381faef0, C4<1>, C4<1>;
L_000002a8381f73e0 .functor OR 1, L_000002a8381f7f40, L_000002a8381f7a70, C4<0>, C4<0>;
L_000002a8381f7c30 .functor OR 1, L_000002a83819b290, L_000002a83819c870, C4<0>, C4<0>;
L_000002a8381f7d10 .functor OR 1, L_000002a83819bab0, L_000002a83819ac50, C4<0>, C4<0>;
v000002a837790cd0_0 .net "ADD", 31 0, L_000002a83819b8d0;  1 drivers
v000002a837791bd0_0 .net "AND", 31 0, L_000002a837798d70;  1 drivers
v000002a837791b30_0 .net "B_data", 31 0, L_000002a83819d3b0;  1 drivers
v000002a837790ff0_0 .net "EQUAL", 0 0, L_000002a83819c4b0;  1 drivers
v000002a8377911d0_0 .net "GREATER_THAN", 0 0, L_000002a83819b790;  1 drivers
v000002a837792210_0 .net "GREATER_THAN_U", 0 0, L_000002a83819cb90;  1 drivers
v000002a8377918b0_0 .net "I_data", 31 0, L_000002a83819d130;  1 drivers
v000002a837791950_0 .net "J_data", 31 0, L_000002a83819d770;  1 drivers
v000002a8377919f0_0 .net "LESS_THAN", 0 0, L_000002a83819b6f0;  1 drivers
v000002a837791a90_0 .net "LESS_THAN_U", 0 0, L_000002a83819caf0;  1 drivers
v000002a8377920d0_0 .net "LOAD_byte", 7 0, L_000002a8381f92d0;  1 drivers
v000002a837791c70_0 .net "LOAD_halfword", 15 0, L_000002a8381f9cd0;  1 drivers
v000002a837792170_0 .net "LOAD_sign", 0 0, L_000002a8381f71b0;  1 drivers
v000002a8377922b0_0 .net "NEQUAL", 0 0, L_000002a83819c910;  1 drivers
v000002a83777e970_0 .net "OR", 31 0, L_000002a837798520;  1 drivers
v000002a83777eab0_0 .net "SLL", 31 0, L_000002a83819c730;  1 drivers
v000002a8377c04f0_0 .net "SRA", 31 0, L_000002a83819b650;  1 drivers
v000002a8377c1ad0_0 .net "SRL", 31 0, L_000002a83819ab10;  1 drivers
v000002a8377c1350_0 .net "STORE_wmask", 3 0, L_000002a8381f9eb0;  1 drivers
v000002a8377bff50_0 .net "SUB", 32 0, L_000002a83819b5b0;  1 drivers
v000002a8377c0590_0 .net "S_data", 31 0, L_000002a83819d450;  1 drivers
v000002a8377c0d10_0 .net "TAKE_BRANCH", 0 0, L_000002a8377988a0;  1 drivers
v000002a8377c0ef0_0 .net "U_data", 31 0, L_000002a83819bd30;  1 drivers
v000002a8377c06d0_0 .net "XOR", 31 0, L_000002a837798440;  1 drivers
v000002a8377c0270_0 .net *"_ivl_10", 20 0, L_000002a83819def0;  1 drivers
L_000002a83819ec90 .functor BUFT 1, C4<0>, C4<0>, C4<0>, C4<0>;
v000002a8377bfd70_0 .net/2u *"_ivl_110", 0 0, L_000002a83819ec90;  1 drivers
v000002a8377c0b30_0 .net *"_ivl_112", 32 0, L_000002a83819b010;  1 drivers
L_000002a83819ecd8 .functor BUFT 1, C4<1>, C4<0>, C4<0>, C4<0>;
v000002a8377c09f0_0 .net/2u *"_ivl_114", 0 0, L_000002a83819ecd8;  1 drivers
v000002a8377c08b0_0 .net *"_ivl_116", 31 0, L_000002a837798750;  1 drivers
v000002a8377bfff0_0 .net *"_ivl_118", 32 0, L_000002a83819bc90;  1 drivers
v000002a8377c12b0_0 .net *"_ivl_120", 32 0, L_000002a83819b510;  1 drivers
L_000002a83819ed20 .functor BUFT 1, C4<000000000000000000000000000000001>, C4<0>, C4<0>, C4<0>;
v000002a8377bfc30_0 .net/2u *"_ivl_122", 32 0, L_000002a83819ed20;  1 drivers
L_000002a83819ed68 .functor BUFT 1, C4<0000000>, C4<0>, C4<0>, C4<0>;
v000002a8377c0950_0 .net/2u *"_ivl_126", 6 0, L_000002a83819ed68;  1 drivers
v000002a8377c0770_0 .net *"_ivl_129", 4 0, L_000002a83819c690;  1 drivers
v000002a8377c0090_0 .net *"_ivl_13", 10 0, L_000002a83819e670;  1 drivers
v000002a8377c0810_0 .net *"_ivl_130", 11 0, L_000002a83819aed0;  1 drivers
v000002a8377c0630_0 .net *"_ivl_132", 31 0, L_000002a83819c050;  1 drivers
L_000002a83819edb0 .functor BUFT 1, C4<00000000000000000000>, C4<0>, C4<0>, C4<0>;
v000002a8377c0a90_0 .net *"_ivl_135", 19 0, L_000002a83819edb0;  1 drivers
L_000002a83819edf8 .functor BUFT 1, C4<00000000000000000000000000000000>, C4<0>, C4<0>, C4<0>;
v000002a8377c10d0_0 .net/2u *"_ivl_136", 31 0, L_000002a83819edf8;  1 drivers
v000002a8377bfe10_0 .net *"_ivl_138", 31 0, L_000002a83819b1f0;  1 drivers
v000002a8377bfeb0_0 .net *"_ivl_149", 31 0, L_000002a83819acf0;  1 drivers
L_000002a83819ee40 .functor BUFT 1, C4<00000000000000000000000000000000>, C4<0>, C4<0>, C4<0>;
v000002a8377c1490_0 .net/2u *"_ivl_150", 31 0, L_000002a83819ee40;  1 drivers
v000002a8377c1710_0 .net *"_ivl_157", 0 0, L_000002a83819c7d0;  1 drivers
v000002a8377c1670_0 .net *"_ivl_159", 0 0, L_000002a83819b330;  1 drivers
v000002a8377c0bd0_0 .net *"_ivl_160", 0 0, L_000002a837798590;  1 drivers
v000002a8377c0c70_0 .net *"_ivl_163", 0 0, L_000002a83819cff0;  1 drivers
v000002a8377c0e50_0 .net *"_ivl_165", 0 0, L_000002a83819ad90;  1 drivers
v000002a8377c0db0_0 .net *"_ivl_17", 0 0, L_000002a83819df90;  1 drivers
L_000002a83819ee88 .functor BUFT 1, C4<000>, C4<0>, C4<0>, C4<0>;
v000002a8377bfcd0_0 .net/2u *"_ivl_174", 2 0, L_000002a83819ee88;  1 drivers
v000002a8377c1a30_0 .net *"_ivl_176", 0 0, L_000002a83819bdd0;  1 drivers
v000002a8377c0f90_0 .net *"_ivl_178", 0 0, L_000002a837798f30;  1 drivers
v000002a8377c1030_0 .net *"_ivl_18", 19 0, L_000002a83819e030;  1 drivers
L_000002a83819eed0 .functor BUFT 1, C4<111>, C4<0>, C4<0>, C4<0>;
v000002a8377c1530_0 .net/2u *"_ivl_180", 2 0, L_000002a83819eed0;  1 drivers
v000002a8377c1170_0 .net *"_ivl_182", 0 0, L_000002a83819ae30;  1 drivers
v000002a8377c1210_0 .net *"_ivl_184", 0 0, L_000002a837798670;  1 drivers
v000002a8377c13f0_0 .net *"_ivl_186", 0 0, L_000002a8377992b0;  1 drivers
L_000002a83819ef18 .functor BUFT 1, C4<001>, C4<0>, C4<0>, C4<0>;
v000002a8377c0130_0 .net/2u *"_ivl_188", 2 0, L_000002a83819ef18;  1 drivers
v000002a8377c01d0_0 .net *"_ivl_190", 0 0, L_000002a83819c9b0;  1 drivers
v000002a8377c1990_0 .net *"_ivl_192", 0 0, L_000002a8377986e0;  1 drivers
v000002a8377c15d0_0 .net *"_ivl_194", 0 0, L_000002a837798600;  1 drivers
L_000002a83819ef60 .functor BUFT 1, C4<100>, C4<0>, C4<0>, C4<0>;
v000002a8377c17b0_0 .net/2u *"_ivl_196", 2 0, L_000002a83819ef60;  1 drivers
v000002a8377c1850_0 .net *"_ivl_198", 0 0, L_000002a83819bb50;  1 drivers
v000002a8377c0310_0 .net *"_ivl_200", 0 0, L_000002a837798830;  1 drivers
v000002a8377c18f0_0 .net *"_ivl_202", 0 0, L_000002a837799320;  1 drivers
L_000002a83819efa8 .functor BUFT 1, C4<101>, C4<0>, C4<0>, C4<0>;
v000002a8377c03b0_0 .net/2u *"_ivl_204", 2 0, L_000002a83819efa8;  1 drivers
v000002a8377c0450_0 .net *"_ivl_206", 0 0, L_000002a83819ca50;  1 drivers
v000002a8377c1c40_0 .net *"_ivl_208", 0 0, L_000002a8377987c0;  1 drivers
v000002a8377c1ce0_0 .net *"_ivl_21", 0 0, L_000002a83819e5d0;  1 drivers
v000002a8377c25a0_0 .net *"_ivl_210", 0 0, L_000002a837798910;  1 drivers
L_000002a83819eff0 .functor BUFT 1, C4<110>, C4<0>, C4<0>, C4<0>;
v000002a8377c1ec0_0 .net/2u *"_ivl_212", 2 0, L_000002a83819eff0;  1 drivers
v000002a8377c2320_0 .net *"_ivl_214", 0 0, L_000002a83819bbf0;  1 drivers
v000002a8377c30e0_0 .net *"_ivl_216", 0 0, L_000002a8377990f0;  1 drivers
L_000002a83819f038 .functor BUFT 1, C4<000>, C4<0>, C4<0>, C4<0>;
v000002a8377c2b40_0 .net/2u *"_ivl_220", 2 0, L_000002a83819f038;  1 drivers
v000002a8377c1f60_0 .net *"_ivl_222", 0 0, L_000002a83819be70;  1 drivers
v000002a8377c2c80_0 .net *"_ivl_224", 0 0, L_000002a837798b40;  1 drivers
v000002a8377c3a40_0 .net *"_ivl_227", 0 0, L_000002a83819bf10;  1 drivers
v000002a8377c3720_0 .net *"_ivl_228", 0 0, L_000002a8377984b0;  1 drivers
v000002a8377c2d20_0 .net *"_ivl_23", 5 0, L_000002a83819e0d0;  1 drivers
v000002a8377c26e0_0 .net *"_ivl_230", 0 0, L_000002a8377989f0;  1 drivers
L_000002a83819f080 .functor BUFT 1, C4<000>, C4<0>, C4<0>, C4<0>;
v000002a8377c39a0_0 .net/2u *"_ivl_232", 2 0, L_000002a83819f080;  1 drivers
v000002a8377c2be0_0 .net *"_ivl_234", 0 0, L_000002a83819cd70;  1 drivers
v000002a8377c2820_0 .net *"_ivl_236", 0 0, L_000002a837799160;  1 drivers
L_000002a83819f0c8 .functor BUFT 1, C4<000>, C4<0>, C4<0>, C4<0>;
v000002a8377c2000_0 .net/2u *"_ivl_238", 2 0, L_000002a83819f0c8;  1 drivers
v000002a8377c2780_0 .net *"_ivl_240", 0 0, L_000002a83819a930;  1 drivers
v000002a8377c2f00_0 .net *"_ivl_242", 0 0, L_000002a837798a60;  1 drivers
v000002a8377c2640_0 .net *"_ivl_244", 0 0, L_000002a837798de0;  1 drivers
v000002a8377c2dc0_0 .net *"_ivl_246", 0 0, L_000002a837798fa0;  1 drivers
v000002a8377c2500_0 .net *"_ivl_249", 0 0, L_000002a83819c550;  1 drivers
v000002a8377c3860_0 .net *"_ivl_25", 3 0, L_000002a83819d270;  1 drivers
v000002a8377c1d80_0 .net *"_ivl_250", 0 0, L_000002a837798bb0;  1 drivers
v000002a8377c20a0_0 .net *"_ivl_253", 31 0, L_000002a83819c0f0;  1 drivers
L_000002a83819f110 .functor BUFT 1, C4<100>, C4<0>, C4<0>, C4<0>;
v000002a8377c1e20_0 .net/2u *"_ivl_254", 2 0, L_000002a83819f110;  1 drivers
v000002a8377c2e60_0 .net *"_ivl_256", 0 0, L_000002a83819b830;  1 drivers
L_000002a83819f158 .functor BUFT 1, C4<110>, C4<0>, C4<0>, C4<0>;
v000002a8377c3ae0_0 .net/2u *"_ivl_258", 2 0, L_000002a83819f158;  1 drivers
L_000002a83819e8e8 .functor BUFT 1, C4<0>, C4<0>, C4<0>, C4<0>;
v000002a8377c2140_0 .net/2u *"_ivl_26", 0 0, L_000002a83819e8e8;  1 drivers
v000002a8377c2960_0 .net *"_ivl_260", 0 0, L_000002a83819c190;  1 drivers
L_000002a83819f1a0 .functor BUFT 1, C4<111>, C4<0>, C4<0>, C4<0>;
v000002a8377c28c0_0 .net/2u *"_ivl_262", 2 0, L_000002a83819f1a0;  1 drivers
v000002a8377c37c0_0 .net *"_ivl_264", 0 0, L_000002a83819b970;  1 drivers
L_000002a83819f1e8 .functor BUFT 1, C4<010>, C4<0>, C4<0>, C4<0>;
v000002a8377c2a00_0 .net/2u *"_ivl_266", 2 0, L_000002a83819f1e8;  1 drivers
v000002a8377c2aa0_0 .net *"_ivl_268", 0 0, L_000002a83819ba10;  1 drivers
v000002a8377c21e0_0 .net *"_ivl_270", 0 0, L_000002a837799080;  1 drivers
v000002a8377c2fa0_0 .net *"_ivl_273", 0 0, L_000002a83819c230;  1 drivers
v000002a8377c3040_0 .net *"_ivl_274", 0 0, L_000002a837798c20;  1 drivers
L_000002a83819f230 .functor BUFT 1, C4<0000000000000000000000000000000>, C4<0>, C4<0>, C4<0>;
v000002a8377c3180_0 .net/2u *"_ivl_276", 30 0, L_000002a83819f230;  1 drivers
v000002a8377c3680_0 .net *"_ivl_278", 31 0, L_000002a83819c2d0;  1 drivers
L_000002a83819f278 .functor BUFT 1, C4<011>, C4<0>, C4<0>, C4<0>;
v000002a8377c2280_0 .net/2u *"_ivl_280", 2 0, L_000002a83819f278;  1 drivers
v000002a8377c3220_0 .net *"_ivl_282", 0 0, L_000002a83819c5f0;  1 drivers
L_000002a83819f2c0 .functor BUFT 1, C4<0000000000000000000000000000000>, C4<0>, C4<0>, C4<0>;
v000002a8377c32c0_0 .net/2u *"_ivl_284", 30 0, L_000002a83819f2c0;  1 drivers
v000002a8377c3360_0 .net *"_ivl_286", 31 0, L_000002a83819cc30;  1 drivers
L_000002a83819f308 .functor BUFT 1, C4<001>, C4<0>, C4<0>, C4<0>;
v000002a8377c23c0_0 .net/2u *"_ivl_288", 2 0, L_000002a83819f308;  1 drivers
v000002a8377c3400_0 .net *"_ivl_290", 0 0, L_000002a83819ccd0;  1 drivers
v000002a8377c34a0_0 .net *"_ivl_293", 0 0, L_000002a83819ce10;  1 drivers
v000002a8377c3540_0 .net *"_ivl_294", 0 0, L_000002a837798d00;  1 drivers
L_000002a83819f350 .functor BUFT 1, C4<101>, C4<0>, C4<0>, C4<0>;
v000002a8377c2460_0 .net/2u *"_ivl_296", 2 0, L_000002a83819f350;  1 drivers
v000002a8377c3900_0 .net *"_ivl_298", 0 0, L_000002a83819ceb0;  1 drivers
v000002a8377c35e0_0 .net *"_ivl_301", 0 0, L_000002a83819cf50;  1 drivers
v000002a8377c3f70_0 .net *"_ivl_302", 0 0, L_000002a837798e50;  1 drivers
v000002a8377c52d0_0 .net *"_ivl_304", 0 0, L_000002a8377991d0;  1 drivers
L_000002a83819f398 .functor BUFT 1, C4<101>, C4<0>, C4<0>, C4<0>;
v000002a8377c3c50_0 .net/2u *"_ivl_306", 2 0, L_000002a83819f398;  1 drivers
v000002a8377c4290_0 .net *"_ivl_308", 0 0, L_000002a83819d090;  1 drivers
v000002a8377c5550_0 .net *"_ivl_31", 0 0, L_000002a83819e2b0;  1 drivers
v000002a8377c5230_0 .net *"_ivl_311", 0 0, L_000002a83819aa70;  1 drivers
v000002a8377c4650_0 .net *"_ivl_312", 0 0, L_000002a837799240;  1 drivers
v000002a8377c3cf0_0 .net *"_ivl_314", 0 0, L_000002a8381f76f0;  1 drivers
v000002a8377c40b0_0 .net *"_ivl_316", 0 0, L_000002a8381f7840;  1 drivers
L_000002a83819f3e0 .functor BUFT 1, C4<00000000000000000000000000000000>, C4<0>, C4<0>, C4<0>;
v000002a8377c5370_0 .net/2u *"_ivl_318", 31 0, L_000002a83819f3e0;  1 drivers
v000002a8377c3d90_0 .net *"_ivl_32", 20 0, L_000002a83819e210;  1 drivers
v000002a8377c55f0_0 .net *"_ivl_320", 31 0, L_000002a83819a9d0;  1 drivers
v000002a8377c4150_0 .net *"_ivl_322", 31 0, L_000002a83819abb0;  1 drivers
v000002a8377c4790_0 .net *"_ivl_324", 31 0, L_000002a8381f9910;  1 drivers
v000002a8377c4f10_0 .net *"_ivl_326", 31 0, L_000002a8381fa1d0;  1 drivers
v000002a8377c5410_0 .net *"_ivl_328", 31 0, L_000002a8381f8790;  1 drivers
v000002a8377c5870_0 .net *"_ivl_330", 31 0, L_000002a8381f8d30;  1 drivers
v000002a8377c41f0_0 .net *"_ivl_332", 31 0, L_000002a8381f8a10;  1 drivers
v000002a8377c4330_0 .net *"_ivl_334", 31 0, L_000002a8381fa4f0;  1 drivers
v000002a8377c48d0_0 .net *"_ivl_336", 31 0, L_000002a8381f8970;  1 drivers
v000002a8377c5a50_0 .net *"_ivl_338", 31 0, L_000002a8381fa590;  1 drivers
v000002a8377c4ab0_0 .net *"_ivl_340", 31 0, L_000002a8381fa3b0;  1 drivers
v000002a8377c54b0_0 .net *"_ivl_346", 0 0, L_000002a8381f78b0;  1 drivers
v000002a8377c4b50_0 .net *"_ivl_348", 0 0, L_000002a8381f7220;  1 drivers
v000002a8377c4d30_0 .net *"_ivl_35", 5 0, L_000002a83819e350;  1 drivers
v000002a8377c5690_0 .net *"_ivl_350", 0 0, L_000002a8381f77d0;  1 drivers
v000002a8377c4c90_0 .net *"_ivl_352", 31 0, L_000002a8381f99b0;  1 drivers
L_000002a83819f428 .functor BUFT 1, C4<00000000000000000000000000000100>, C4<0>, C4<0>, C4<0>;
v000002a8377c5730_0 .net/2u *"_ivl_356", 31 0, L_000002a83819f428;  1 drivers
L_000002a83819f470 .functor BUFT 1, C4<00000000000000000000000000000000>, C4<0>, C4<0>, C4<0>;
v000002a8377c43d0_0 .net/2u *"_ivl_360", 31 0, L_000002a83819f470;  1 drivers
v000002a8377c45b0_0 .net *"_ivl_362", 31 0, L_000002a8381f86f0;  1 drivers
v000002a8377c4470_0 .net *"_ivl_364", 31 0, L_000002a8381f9a50;  1 drivers
v000002a8377c4510_0 .net *"_ivl_366", 31 0, L_000002a8381f9af0;  1 drivers
v000002a8377c3ed0_0 .net *"_ivl_37", 4 0, L_000002a83819e3f0;  1 drivers
v000002a8377c57d0_0 .net *"_ivl_370", 31 0, L_000002a8381fa630;  1 drivers
L_000002a83819f4b8 .functor BUFT 1, C4<0000000000000000000000000000>, C4<0>, C4<0>, C4<0>;
v000002a8377c5910_0 .net *"_ivl_373", 27 0, L_000002a83819f4b8;  1 drivers
L_000002a83819f500 .functor BUFT 1, C4<00000000000000000000000000000101>, C4<0>, C4<0>, C4<0>;
v000002a8377c59b0_0 .net/2u *"_ivl_374", 31 0, L_000002a83819f500;  1 drivers
v000002a8377c5af0_0 .net *"_ivl_378", 31 0, L_000002a8381f90f0;  1 drivers
L_000002a83819f548 .functor BUFT 1, C4<0000000000000000000000000000>, C4<0>, C4<0>, C4<0>;
v000002a8377c3e30_0 .net *"_ivl_381", 27 0, L_000002a83819f548;  1 drivers
L_000002a83819f590 .functor BUFT 1, C4<00000000000000000000000000000110>, C4<0>, C4<0>, C4<0>;
v000002a8377c46f0_0 .net/2u *"_ivl_382", 31 0, L_000002a83819f590;  1 drivers
v000002a8377c4010_0 .net *"_ivl_384", 0 0, L_000002a8381f8dd0;  1 drivers
v000002a8377c4830_0 .net *"_ivl_386", 0 0, L_000002a8381f7610;  1 drivers
L_000002a83819f5d8 .functor BUFT 1, C4<00000000000000000000000000000000>, C4<0>, C4<0>, C4<0>;
v000002a8377c4970_0 .net/2u *"_ivl_388", 31 0, L_000002a83819f5d8;  1 drivers
v000002a8377c4bf0_0 .net *"_ivl_393", 1 0, L_000002a8381f8ab0;  1 drivers
L_000002a83819f620 .functor BUFT 1, C4<00>, C4<0>, C4<0>, C4<0>;
v000002a8377c4a10_0 .net/2u *"_ivl_394", 1 0, L_000002a83819f620;  1 drivers
v000002a8377c4dd0_0 .net *"_ivl_399", 1 0, L_000002a8381fa270;  1 drivers
L_000002a83819f668 .functor BUFT 1, C4<01>, C4<0>, C4<0>, C4<0>;
v000002a8377c4e70_0 .net/2u *"_ivl_400", 1 0, L_000002a83819f668;  1 drivers
v000002a8377c4fb0_0 .net *"_ivl_405", 0 0, L_000002a8381f9b90;  1 drivers
v000002a8377c5050_0 .net *"_ivl_407", 0 0, L_000002a8381f8bf0;  1 drivers
v000002a8377c50f0_0 .net *"_ivl_409", 0 0, L_000002a8381f9370;  1 drivers
v000002a8377c5190_0 .net *"_ivl_41", 0 0, L_000002a83819e710;  1 drivers
v000002a8377c6c70_0 .net *"_ivl_411", 0 0, L_000002a8381f8c90;  1 drivers
v000002a8377c6f90_0 .net *"_ivl_412", 0 0, L_000002a8381f8e70;  1 drivers
v000002a8377c6db0_0 .net *"_ivl_416", 23 0, L_000002a8381fa6d0;  1 drivers
v000002a8377c7df0_0 .net *"_ivl_418", 31 0, L_000002a8381f8f10;  1 drivers
v000002a8377c7490_0 .net *"_ivl_42", 11 0, L_000002a83819d590;  1 drivers
v000002a8377c73f0_0 .net *"_ivl_420", 15 0, L_000002a8381f8fb0;  1 drivers
v000002a8377c8250_0 .net *"_ivl_422", 31 0, L_000002a8381f9050;  1 drivers
v000002a8377c81b0_0 .net *"_ivl_424", 31 0, L_000002a8381f83d0;  1 drivers
v000002a8377c8890_0 .net *"_ivl_429", 0 0, L_000002a8381f9230;  1 drivers
v000002a8377c7c10_0 .net *"_ivl_431", 15 0, L_000002a8381f9c30;  1 drivers
v000002a8377c7a30_0 .net *"_ivl_433", 15 0, L_000002a8381f9190;  1 drivers
v000002a8377c77b0_0 .net *"_ivl_437", 0 0, L_000002a8381f9410;  1 drivers
v000002a8377c8110_0 .net *"_ivl_439", 7 0, L_000002a8381f95f0;  1 drivers
v000002a8377c84d0_0 .net *"_ivl_441", 7 0, L_000002a8381f8470;  1 drivers
v000002a8377c7170_0 .net *"_ivl_445", 0 0, L_000002a8381f8650;  1 drivers
v000002a8377c7530_0 .net *"_ivl_447", 0 0, L_000002a8381f9d70;  1 drivers
L_000002a83819f6b0 .functor BUFT 1, C4<1000>, C4<0>, C4<0>, C4<0>;
v000002a8377c7350_0 .net/2u *"_ivl_448", 3 0, L_000002a83819f6b0;  1 drivers
v000002a8377c78f0_0 .net *"_ivl_45", 7 0, L_000002a83819d630;  1 drivers
L_000002a83819f6f8 .functor BUFT 1, C4<0100>, C4<0>, C4<0>, C4<0>;
v000002a8377c7210_0 .net/2u *"_ivl_450", 3 0, L_000002a83819f6f8;  1 drivers
v000002a8377c75d0_0 .net *"_ivl_452", 3 0, L_000002a8381f9e10;  1 drivers
v000002a8377c89d0_0 .net *"_ivl_455", 0 0, L_000002a8381fa310;  1 drivers
L_000002a83819f740 .functor BUFT 1, C4<0010>, C4<0>, C4<0>, C4<0>;
v000002a8377c6ef0_0 .net/2u *"_ivl_456", 3 0, L_000002a83819f740;  1 drivers
L_000002a83819f788 .functor BUFT 1, C4<0001>, C4<0>, C4<0>, C4<0>;
v000002a8377c7f30_0 .net/2u *"_ivl_458", 3 0, L_000002a83819f788;  1 drivers
v000002a8377c7030_0 .net *"_ivl_460", 3 0, L_000002a8381fa450;  1 drivers
v000002a8377c8390_0 .net *"_ivl_462", 3 0, L_000002a8381f94b0;  1 drivers
v000002a8377c6d10_0 .net *"_ivl_465", 0 0, L_000002a8381f8830;  1 drivers
L_000002a83819f7d0 .functor BUFT 1, C4<1100>, C4<0>, C4<0>, C4<0>;
v000002a8377c7670_0 .net/2u *"_ivl_466", 3 0, L_000002a83819f7d0;  1 drivers
L_000002a83819f818 .functor BUFT 1, C4<0011>, C4<0>, C4<0>, C4<0>;
v000002a8377c7710_0 .net/2u *"_ivl_468", 3 0, L_000002a83819f818;  1 drivers
v000002a8377c70d0_0 .net *"_ivl_47", 0 0, L_000002a83819e490;  1 drivers
v000002a8377c7850_0 .net *"_ivl_470", 3 0, L_000002a8381f9690;  1 drivers
L_000002a83819f860 .functor BUFT 1, C4<1111>, C4<0>, C4<0>, C4<0>;
v000002a8377c6e50_0 .net/2u *"_ivl_472", 3 0, L_000002a83819f860;  1 drivers
v000002a8377c8a70_0 .net *"_ivl_474", 3 0, L_000002a8381f9730;  1 drivers
v000002a8377c7cb0_0 .net *"_ivl_478", 31 0, L_000002a8381f9f50;  1 drivers
L_000002a83819f8a8 .functor BUFT 1, C4<0000000000000000000000000000>, C4<0>, C4<0>, C4<0>;
v000002a8377c7d50_0 .net *"_ivl_481", 27 0, L_000002a83819f8a8;  1 drivers
L_000002a83819f8f0 .functor BUFT 1, C4<00000000000000000000000000000110>, C4<0>, C4<0>, C4<0>;
v000002a8377c8b10_0 .net/2u *"_ivl_482", 31 0, L_000002a83819f8f0;  1 drivers
v000002a8377c8750_0 .net *"_ivl_484", 0 0, L_000002a8381f97d0;  1 drivers
v000002a8377c7990_0 .net *"_ivl_486", 0 0, L_000002a8381f7920;  1 drivers
v000002a8377c82f0_0 .net *"_ivl_488", 3 0, L_000002a8381faa90;  1 drivers
v000002a8377c7e90_0 .net *"_ivl_49", 9 0, L_000002a83819d6d0;  1 drivers
v000002a8377c7ad0_0 .net *"_ivl_492", 0 0, L_000002a8381f7b50;  1 drivers
v000002a8377c7fd0_0 .net *"_ivl_494", 31 0, L_000002a8381fa090;  1 drivers
L_000002a83819f938 .functor BUFT 1, C4<0000000000000000000000000000>, C4<0>, C4<0>, C4<0>;
v000002a8377c8930_0 .net *"_ivl_497", 27 0, L_000002a83819f938;  1 drivers
L_000002a83819f980 .functor BUFT 1, C4<00000000000000000000000000000110>, C4<0>, C4<0>, C4<0>;
v000002a8377c7b70_0 .net/2u *"_ivl_498", 31 0, L_000002a83819f980;  1 drivers
L_000002a83819e930 .functor BUFT 1, C4<0>, C4<0>, C4<0>, C4<0>;
v000002a8377c72b0_0 .net/2u *"_ivl_50", 0 0, L_000002a83819e930;  1 drivers
v000002a8377c8570_0 .net *"_ivl_500", 0 0, L_000002a8381fa130;  1 drivers
v000002a8377c8430_0 .net *"_ivl_502", 0 0, L_000002a8381f7ca0;  1 drivers
v000002a8377c8070_0 .net *"_ivl_504", 0 0, L_000002a8381f7680;  1 drivers
v000002a8377c8610_0 .net *"_ivl_508", 31 0, L_000002a8381f85b0;  1 drivers
L_000002a83819f9c8 .functor BUFT 1, C4<0000000000000000000000000000>, C4<0>, C4<0>, C4<0>;
v000002a8377c86b0_0 .net *"_ivl_511", 27 0, L_000002a83819f9c8;  1 drivers
L_000002a83819fa10 .functor BUFT 1, C4<00000000000000000000000000000001>, C4<0>, C4<0>, C4<0>;
v000002a8377c87f0_0 .net/2u *"_ivl_512", 31 0, L_000002a83819fa10;  1 drivers
v000002a8377c9690_0 .net *"_ivl_514", 0 0, L_000002a8381fa810;  1 drivers
v000002a8377cabd0_0 .net *"_ivl_516", 0 0, L_000002a8381f7300;  1 drivers
v000002a8377c9cd0_0 .net *"_ivl_523", 7 0, L_000002a8381fab30;  1 drivers
v000002a8377c9a50_0 .net *"_ivl_527", 0 0, L_000002a8381fb5d0;  1 drivers
v000002a8377ca630_0 .net *"_ivl_529", 7 0, L_000002a8381fabd0;  1 drivers
v000002a8377c8e70_0 .net *"_ivl_531", 7 0, L_000002a8381fb530;  1 drivers
v000002a8377c8d30_0 .net *"_ivl_532", 7 0, L_000002a8381fc1b0;  1 drivers
v000002a8377caa90_0 .net *"_ivl_537", 0 0, L_000002a8381fb2b0;  1 drivers
v000002a8377cae50_0 .net *"_ivl_539", 7 0, L_000002a8381fb850;  1 drivers
v000002a8377cadb0_0 .net *"_ivl_541", 7 0, L_000002a8381fc110;  1 drivers
v000002a8377c9730_0 .net *"_ivl_542", 7 0, L_000002a8381fb670;  1 drivers
v000002a8377c9eb0_0 .net *"_ivl_548", 0 0, L_000002a8381fbfd0;  1 drivers
v000002a8377ca310_0 .net *"_ivl_55", 0 0, L_000002a83819d810;  1 drivers
v000002a8377c8c90_0 .net *"_ivl_550", 7 0, L_000002a8381fb7b0;  1 drivers
v000002a8377cb3f0_0 .net *"_ivl_552", 0 0, L_000002a8381fae50;  1 drivers
v000002a8377c97d0_0 .net *"_ivl_554", 7 0, L_000002a8381fc250;  1 drivers
v000002a8377c8f10_0 .net *"_ivl_556", 7 0, L_000002a8381fac70;  1 drivers
v000002a8377c9410_0 .net *"_ivl_557", 7 0, L_000002a8381fb8f0;  1 drivers
v000002a8377cb030_0 .net *"_ivl_559", 7 0, L_000002a8381fad10;  1 drivers
v000002a8377c8fb0_0 .net *"_ivl_561", 0 0, L_000002a8381f7990;  1 drivers
v000002a8377c9ff0_0 .net *"_ivl_563", 0 0, L_000002a8381f7370;  1 drivers
v000002a8377c92d0_0 .net *"_ivl_565", 0 0, L_000002a8381f7450;  1 drivers
v000002a8377c9f50_0 .net *"_ivl_567", 0 0, L_000002a8381f7bc0;  1 drivers
v000002a8377c9870_0 .net *"_ivl_569", 0 0, L_000002a8381f7a00;  1 drivers
v000002a8377c9910_0 .net *"_ivl_57", 18 0, L_000002a83819c410;  1 drivers
v000002a8377ca1d0_0 .net *"_ivl_571", 31 0, L_000002a8381fadb0;  1 drivers
L_000002a83819fa58 .functor BUFT 1, C4<0000000000000000000000000000>, C4<0>, C4<0>, C4<0>;
v000002a8377caef0_0 .net *"_ivl_574", 27 0, L_000002a83819fa58;  1 drivers
L_000002a83819faa0 .functor BUFT 1, C4<00000000000000000000000000000100>, C4<0>, C4<0>, C4<0>;
v000002a8377c9230_0 .net/2u *"_ivl_575", 31 0, L_000002a83819faa0;  1 drivers
v000002a8377caf90_0 .net *"_ivl_577", 0 0, L_000002a8381fba30;  1 drivers
v000002a8377ca270_0 .net *"_ivl_579", 0 0, L_000002a8381f7f40;  1 drivers
L_000002a83819e978 .functor BUFT 1, C4<000000000000>, C4<0>, C4<0>, C4<0>;
v000002a8377ca090_0 .net/2u *"_ivl_58", 11 0, L_000002a83819e978;  1 drivers
v000002a8377ca810_0 .net *"_ivl_581", 31 0, L_000002a8381fb990;  1 drivers
L_000002a83819fae8 .functor BUFT 1, C4<0000000000000000000000000000>, C4<0>, C4<0>, C4<0>;
v000002a8377cb0d0_0 .net *"_ivl_584", 27 0, L_000002a83819fae8;  1 drivers
L_000002a83819fb30 .functor BUFT 1, C4<00000000000000000000000000000110>, C4<0>, C4<0>, C4<0>;
v000002a8377c9050_0 .net/2u *"_ivl_585", 31 0, L_000002a83819fb30;  1 drivers
v000002a8377c9190_0 .net *"_ivl_587", 0 0, L_000002a8381faef0;  1 drivers
v000002a8377c9370_0 .net *"_ivl_589", 0 0, L_000002a8381f7a70;  1 drivers
v000002a8377cb350_0 .net *"_ivl_593", 0 0, L_000002a8381f7c30;  1 drivers
v000002a8377c94b0_0 .net *"_ivl_595", 0 0, L_000002a8381f7d10;  1 drivers
L_000002a83819fb78 .functor BUFT 1, C4<00000000000000000000000000000000>, C4<0>, C4<0>, C4<0>;
v000002a8377ca590_0 .net/2u *"_ivl_597", 31 0, L_000002a83819fb78;  1 drivers
v000002a8377ca3b0_0 .net *"_ivl_599", 31 0, L_000002a8381fbc10;  1 drivers
v000002a8377c90f0_0 .net *"_ivl_601", 31 0, L_000002a8381fbad0;  1 drivers
v000002a8377cac70_0 .net *"_ivl_603", 31 0, L_000002a8381fbcb0;  1 drivers
v000002a8377c9550_0 .net *"_ivl_605", 31 0, L_000002a8381fb490;  1 drivers
L_000002a83819e9c0 .functor BUFT 1, C4<01100>, C4<0>, C4<0>, C4<0>;
v000002a8377c99b0_0 .net/2u *"_ivl_62", 4 0, L_000002a83819e9c0;  1 drivers
L_000002a83819ea08 .functor BUFT 1, C4<00100>, C4<0>, C4<0>, C4<0>;
v000002a8377c9af0_0 .net/2u *"_ivl_66", 4 0, L_000002a83819ea08;  1 drivers
L_000002a83819ea50 .functor BUFT 1, C4<11000>, C4<0>, C4<0>, C4<0>;
v000002a8377c9b90_0 .net/2u *"_ivl_70", 4 0, L_000002a83819ea50;  1 drivers
L_000002a83819ea98 .functor BUFT 1, C4<11100>, C4<0>, C4<0>, C4<0>;
v000002a8377c95f0_0 .net/2u *"_ivl_74", 4 0, L_000002a83819ea98;  1 drivers
L_000002a83819eae0 .functor BUFT 1, C4<01000>, C4<0>, C4<0>, C4<0>;
v000002a8377cb170_0 .net/2u *"_ivl_78", 4 0, L_000002a83819eae0;  1 drivers
L_000002a83819eb28 .functor BUFT 1, C4<00000>, C4<0>, C4<0>, C4<0>;
v000002a8377c8dd0_0 .net/2u *"_ivl_82", 4 0, L_000002a83819eb28;  1 drivers
L_000002a83819eb70 .functor BUFT 1, C4<11011>, C4<0>, C4<0>, C4<0>;
v000002a8377cb2b0_0 .net/2u *"_ivl_86", 4 0, L_000002a83819eb70;  1 drivers
v000002a8377ca130_0 .net *"_ivl_9", 0 0, L_000002a83819de50;  1 drivers
L_000002a83819ebb8 .functor BUFT 1, C4<11001>, C4<0>, C4<0>, C4<0>;
v000002a8377c9c30_0 .net/2u *"_ivl_90", 4 0, L_000002a83819ebb8;  1 drivers
L_000002a83819ec00 .functor BUFT 1, C4<01101>, C4<0>, C4<0>, C4<0>;
v000002a8377ca450_0 .net/2u *"_ivl_94", 4 0, L_000002a83819ec00;  1 drivers
L_000002a83819ec48 .functor BUFT 1, C4<00101>, C4<0>, C4<0>, C4<0>;
v000002a8377c9d70_0 .net/2u *"_ivl_98", 4 0, L_000002a83819ec48;  1 drivers
v000002a8377c9e10_0 .var "addr", 31 0;
v000002a8377ca4f0_0 .net "alu_in1", 31 0, v000002a8377cb210_0;  1 drivers
v000002a8377cad10_0 .net "alu_in2", 31 0, L_000002a8381f9870;  1 drivers
v000002a8377ca8b0_0 .net "alu_result", 31 0, L_000002a8381f9ff0;  1 drivers
v000002a8377ca6d0_0 .net "clk", 0 0, o000002a8381633e8;  alias, 0 drivers
v000002a8377ca770_0 .var "cycle", 31 0;
v000002a8377ca950_0 .var "data", 31 0;
v000002a8377cb210_0 .var "data_rs1", 31 0;
v000002a8377ca9f0_0 .var "data_rs2", 31 0;
v000002a8377cab30_0 .net "funct3", 2 0, L_000002a83819dc70;  1 drivers
v000002a8377cc610_0 .net "funct7", 6 0, L_000002a83819d310;  1 drivers
v000002a8377cc750_0 .net "isAUIPC", 0 0, L_000002a83819b150;  1 drivers
v000002a8377cc7f0_0 .net "isBtype", 0 0, L_000002a83819b3d0;  1 drivers
v000002a8377cbfd0_0 .net "isItype", 0 0, L_000002a83819b290;  1 drivers
v000002a8377cb670_0 .net "isJAL", 0 0, L_000002a83819bab0;  1 drivers
v000002a8377cc9d0_0 .net "isJALR", 0 0, L_000002a83819ac50;  1 drivers
v000002a8377cc930_0 .net "isLUI", 0 0, L_000002a83819b470;  1 drivers
v000002a8377cc570_0 .net "isLtype", 0 0, L_000002a83819b0b0;  1 drivers
v000002a8377cc6b0_0 .net "isRtype", 0 0, L_000002a83819c870;  1 drivers
v000002a8377cb5d0_0 .net "isStype", 0 0, L_000002a83819c370;  1 drivers
v000002a8377cb530_0 .net "isSystype", 0 0, L_000002a83819bfb0;  1 drivers
v000002a8377cbc10_0 .net "load_data_tmp", 31 0, L_000002a8381f8510;  1 drivers
v000002a8377cc1b0_0 .net "load_store_addr", 31 0, L_000002a8381fa9f0;  1 drivers
v000002a8377cba30_0 .net "load_store_state_flag", 0 0, L_000002a8381fa950;  1 drivers
v000002a8377cb850_0 .net "mem_addr", 31 0, L_000002a8381fa770;  alias, 1 drivers
v000002a8377cb710_0 .net "mem_byteAccess", 0 0, L_000002a8381f9550;  1 drivers
v000002a8377cc2f0_0 .net "mem_halfwordAccess", 0 0, L_000002a8381f8b50;  1 drivers
v000002a8377cc890_0 .net "mem_rdata", 31 0, v000002a8377cc110_0;  alias, 1 drivers
v000002a8377cca70_0 .net "mem_rstrb", 0 0, L_000002a8381f7140;  alias, 1 drivers
v000002a8377ccb10_0 .net "mem_wdata", 31 0, L_000002a8381fb710;  alias, 1 drivers
v000002a8377cb490_0 .net "mem_wstrb", 3 0, L_000002a8381f7ae0;  alias, 1 drivers
v000002a8377cb7b0_0 .net "opcode", 4 0, L_000002a83819ddb0;  1 drivers
v000002a8377cb8f0_0 .net "pcplus4", 31 0, L_000002a8381fa8b0;  1 drivers
v000002a8377cb990_0 .net "pcplusimm", 31 0, L_000002a8381f88d0;  1 drivers
v000002a8377cc070_0 .net "rd", 4 0, L_000002a83819dbd0;  1 drivers
v000002a8377cbad0 .array "regfile", 31 0, 31 0;
v000002a8377cbb70_0 .net "rst", 0 0, o000002a8381639b8;  alias, 0 drivers
v000002a8377cc250_0 .net "shift_data_2", 31 0, L_000002a83819af70;  1 drivers
v000002a8377cc390_0 .var "state", 3 0;
v000002a8377cbcb0_0 .net "write_reg_data", 31 0, L_000002a8381fbb70;  1 drivers
v000002a8377cbdf0_0 .net "write_reg_en", 0 0, L_000002a8381f73e0;  1 drivers
E_000002a83778ce20 .event posedge, v000002a8377ca6d0_0;
L_000002a83819ddb0 .part v000002a8377ca950_0, 2, 5;
L_000002a83819dbd0 .part v000002a8377ca950_0, 7, 5;
L_000002a83819dc70 .part v000002a8377ca950_0, 12, 3;
L_000002a83819d310 .part v000002a8377ca950_0, 25, 7;
L_000002a83819de50 .part v000002a8377ca950_0, 31, 1;
LS_000002a83819def0_0_0 .concat [ 1 1 1 1], L_000002a83819de50, L_000002a83819de50, L_000002a83819de50, L_000002a83819de50;
LS_000002a83819def0_0_4 .concat [ 1 1 1 1], L_000002a83819de50, L_000002a83819de50, L_000002a83819de50, L_000002a83819de50;
LS_000002a83819def0_0_8 .concat [ 1 1 1 1], L_000002a83819de50, L_000002a83819de50, L_000002a83819de50, L_000002a83819de50;
LS_000002a83819def0_0_12 .concat [ 1 1 1 1], L_000002a83819de50, L_000002a83819de50, L_000002a83819de50, L_000002a83819de50;
LS_000002a83819def0_0_16 .concat [ 1 1 1 1], L_000002a83819de50, L_000002a83819de50, L_000002a83819de50, L_000002a83819de50;
LS_000002a83819def0_0_20 .concat [ 1 0 0 0], L_000002a83819de50;
LS_000002a83819def0_1_0 .concat [ 4 4 4 4], LS_000002a83819def0_0_0, LS_000002a83819def0_0_4, LS_000002a83819def0_0_8, LS_000002a83819def0_0_12;
LS_000002a83819def0_1_4 .concat [ 4 1 0 0], LS_000002a83819def0_0_16, LS_000002a83819def0_0_20;
L_000002a83819def0 .concat [ 16 5 0 0], LS_000002a83819def0_1_0, LS_000002a83819def0_1_4;
L_000002a83819e670 .part v000002a8377ca950_0, 20, 11;
L_000002a83819d130 .concat [ 11 21 0 0], L_000002a83819e670, L_000002a83819def0;
L_000002a83819df90 .part v000002a8377ca950_0, 31, 1;
LS_000002a83819e030_0_0 .concat [ 1 1 1 1], L_000002a83819df90, L_000002a83819df90, L_000002a83819df90, L_000002a83819df90;
LS_000002a83819e030_0_4 .concat [ 1 1 1 1], L_000002a83819df90, L_000002a83819df90, L_000002a83819df90, L_000002a83819df90;
LS_000002a83819e030_0_8 .concat [ 1 1 1 1], L_000002a83819df90, L_000002a83819df90, L_000002a83819df90, L_000002a83819df90;
LS_000002a83819e030_0_12 .concat [ 1 1 1 1], L_000002a83819df90, L_000002a83819df90, L_000002a83819df90, L_000002a83819df90;
LS_000002a83819e030_0_16 .concat [ 1 1 1 1], L_000002a83819df90, L_000002a83819df90, L_000002a83819df90, L_000002a83819df90;
LS_000002a83819e030_1_0 .concat [ 4 4 4 4], LS_000002a83819e030_0_0, LS_000002a83819e030_0_4, LS_000002a83819e030_0_8, LS_000002a83819e030_0_12;
LS_000002a83819e030_1_4 .concat [ 4 0 0 0], LS_000002a83819e030_0_16;
L_000002a83819e030 .concat [ 16 4 0 0], LS_000002a83819e030_1_0, LS_000002a83819e030_1_4;
L_000002a83819e5d0 .part v000002a8377ca950_0, 7, 1;
L_000002a83819e0d0 .part v000002a8377ca950_0, 25, 6;
L_000002a83819d270 .part v000002a8377ca950_0, 8, 4;
LS_000002a83819d3b0_0_0 .concat [ 1 4 6 1], L_000002a83819e8e8, L_000002a83819d270, L_000002a83819e0d0, L_000002a83819e5d0;
LS_000002a83819d3b0_0_4 .concat [ 20 0 0 0], L_000002a83819e030;
L_000002a83819d3b0 .concat [ 12 20 0 0], LS_000002a83819d3b0_0_0, LS_000002a83819d3b0_0_4;
L_000002a83819e2b0 .part v000002a8377ca950_0, 31, 1;
LS_000002a83819e210_0_0 .concat [ 1 1 1 1], L_000002a83819e2b0, L_000002a83819e2b0, L_000002a83819e2b0, L_000002a83819e2b0;
LS_000002a83819e210_0_4 .concat [ 1 1 1 1], L_000002a83819e2b0, L_000002a83819e2b0, L_000002a83819e2b0, L_000002a83819e2b0;
LS_000002a83819e210_0_8 .concat [ 1 1 1 1], L_000002a83819e2b0, L_000002a83819e2b0, L_000002a83819e2b0, L_000002a83819e2b0;
LS_000002a83819e210_0_12 .concat [ 1 1 1 1], L_000002a83819e2b0, L_000002a83819e2b0, L_000002a83819e2b0, L_000002a83819e2b0;
LS_000002a83819e210_0_16 .concat [ 1 1 1 1], L_000002a83819e2b0, L_000002a83819e2b0, L_000002a83819e2b0, L_000002a83819e2b0;
LS_000002a83819e210_0_20 .concat [ 1 0 0 0], L_000002a83819e2b0;
LS_000002a83819e210_1_0 .concat [ 4 4 4 4], LS_000002a83819e210_0_0, LS_000002a83819e210_0_4, LS_000002a83819e210_0_8, LS_000002a83819e210_0_12;
LS_000002a83819e210_1_4 .concat [ 4 1 0 0], LS_000002a83819e210_0_16, LS_000002a83819e210_0_20;
L_000002a83819e210 .concat [ 16 5 0 0], LS_000002a83819e210_1_0, LS_000002a83819e210_1_4;
L_000002a83819e350 .part v000002a8377ca950_0, 25, 6;
L_000002a83819e3f0 .part v000002a8377ca950_0, 7, 5;
L_000002a83819d450 .concat [ 5 6 21 0], L_000002a83819e3f0, L_000002a83819e350, L_000002a83819e210;
L_000002a83819e710 .part v000002a8377ca950_0, 31, 1;
LS_000002a83819d590_0_0 .concat [ 1 1 1 1], L_000002a83819e710, L_000002a83819e710, L_000002a83819e710, L_000002a83819e710;
LS_000002a83819d590_0_4 .concat [ 1 1 1 1], L_000002a83819e710, L_000002a83819e710, L_000002a83819e710, L_000002a83819e710;
LS_000002a83819d590_0_8 .concat [ 1 1 1 1], L_000002a83819e710, L_000002a83819e710, L_000002a83819e710, L_000002a83819e710;
L_000002a83819d590 .concat [ 4 4 4 0], LS_000002a83819d590_0_0, LS_000002a83819d590_0_4, LS_000002a83819d590_0_8;
L_000002a83819d630 .part v000002a8377ca950_0, 12, 8;
L_000002a83819e490 .part v000002a8377ca950_0, 20, 1;
L_000002a83819d6d0 .part v000002a8377ca950_0, 21, 10;
LS_000002a83819d770_0_0 .concat [ 1 10 1 8], L_000002a83819e930, L_000002a83819d6d0, L_000002a83819e490, L_000002a83819d630;
LS_000002a83819d770_0_4 .concat [ 12 0 0 0], L_000002a83819d590;
L_000002a83819d770 .concat [ 20 12 0 0], LS_000002a83819d770_0_0, LS_000002a83819d770_0_4;
L_000002a83819d810 .part v000002a8377ca950_0, 31, 1;
L_000002a83819c410 .part v000002a8377ca950_0, 12, 19;
L_000002a83819bd30 .concat [ 12 19 1 0], L_000002a83819e978, L_000002a83819c410, L_000002a83819d810;
L_000002a83819c870 .cmp/eq 5, L_000002a83819ddb0, L_000002a83819e9c0;
L_000002a83819b290 .cmp/eq 5, L_000002a83819ddb0, L_000002a83819ea08;
L_000002a83819b3d0 .cmp/eq 5, L_000002a83819ddb0, L_000002a83819ea50;
L_000002a83819bfb0 .cmp/eq 5, L_000002a83819ddb0, L_000002a83819ea98;
L_000002a83819c370 .cmp/eq 5, L_000002a83819ddb0, L_000002a83819eae0;
L_000002a83819b0b0 .cmp/eq 5, L_000002a83819ddb0, L_000002a83819eb28;
L_000002a83819bab0 .cmp/eq 5, L_000002a83819ddb0, L_000002a83819eb70;
L_000002a83819ac50 .cmp/eq 5, L_000002a83819ddb0, L_000002a83819ebb8;
L_000002a83819b470 .cmp/eq 5, L_000002a83819ddb0, L_000002a83819ec00;
L_000002a83819b150 .cmp/eq 5, L_000002a83819ddb0, L_000002a83819ec48;
L_000002a83819b8d0 .arith/sum 32, v000002a8377cb210_0, L_000002a8381f9870;
L_000002a83819b010 .concat [ 32 1 0 0], v000002a8377cb210_0, L_000002a83819ec90;
L_000002a83819bc90 .concat [ 32 1 0 0], L_000002a837798750, L_000002a83819ecd8;
L_000002a83819b510 .arith/sum 33, L_000002a83819b010, L_000002a83819bc90;
L_000002a83819b5b0 .arith/sum 33, L_000002a83819b510, L_000002a83819ed20;
L_000002a83819c690 .part L_000002a8381f9870, 0, 5;
L_000002a83819aed0 .concat [ 5 7 0 0], L_000002a83819c690, L_000002a83819ed68;
L_000002a83819c050 .concat [ 12 20 0 0], L_000002a83819aed0, L_000002a83819edb0;
L_000002a83819b1f0 .functor MUXZ 32, L_000002a83819edf8, L_000002a83819c050, L_000002a83819b290, C4<>;
L_000002a83819af70 .functor MUXZ 32, L_000002a83819b1f0, L_000002a8381f9870, L_000002a83819c870, C4<>;
L_000002a83819c730 .shift/l 32, v000002a8377cb210_0, L_000002a83819af70;
L_000002a83819ab10 .shift/r 32, v000002a8377cb210_0, L_000002a83819af70;
L_000002a83819b650 .shift/rs 32, v000002a8377cb210_0, L_000002a83819af70;
L_000002a83819acf0 .part L_000002a83819b5b0, 0, 32;
L_000002a83819c4b0 .cmp/eq 32, L_000002a83819acf0, L_000002a83819ee40;
L_000002a83819c910 .reduce/nor L_000002a83819c4b0;
L_000002a83819c7d0 .part v000002a8377cb210_0, 31, 1;
L_000002a83819b330 .part L_000002a8381f9870, 31, 1;
L_000002a83819cff0 .part v000002a8377cb210_0, 31, 1;
L_000002a83819ad90 .part L_000002a83819b5b0, 32, 1;
L_000002a83819b6f0 .functor MUXZ 1, L_000002a83819ad90, L_000002a83819cff0, L_000002a837798590, C4<>;
L_000002a83819caf0 .part L_000002a83819b5b0, 32, 1;
L_000002a83819b790 .reduce/nor L_000002a83819b6f0;
L_000002a83819cb90 .reduce/nor L_000002a83819caf0;
L_000002a83819bdd0 .cmp/eq 3, L_000002a83819dc70, L_000002a83819ee88;
L_000002a83819ae30 .cmp/eq 3, L_000002a83819dc70, L_000002a83819eed0;
L_000002a83819c9b0 .cmp/eq 3, L_000002a83819dc70, L_000002a83819ef18;
L_000002a83819bb50 .cmp/eq 3, L_000002a83819dc70, L_000002a83819ef60;
L_000002a83819ca50 .cmp/eq 3, L_000002a83819dc70, L_000002a83819efa8;
L_000002a83819bbf0 .cmp/eq 3, L_000002a83819dc70, L_000002a83819eff0;
L_000002a83819be70 .cmp/eq 3, L_000002a83819dc70, L_000002a83819f038;
L_000002a83819bf10 .part L_000002a83819d310, 5, 1;
L_000002a83819cd70 .cmp/eq 3, L_000002a83819dc70, L_000002a83819f080;
L_000002a83819a930 .cmp/eq 3, L_000002a83819dc70, L_000002a83819f0c8;
L_000002a83819c550 .part L_000002a83819d310, 5, 1;
L_000002a83819c0f0 .part L_000002a83819b5b0, 0, 32;
L_000002a83819b830 .cmp/eq 3, L_000002a83819dc70, L_000002a83819f110;
L_000002a83819c190 .cmp/eq 3, L_000002a83819dc70, L_000002a83819f158;
L_000002a83819b970 .cmp/eq 3, L_000002a83819dc70, L_000002a83819f1a0;
L_000002a83819ba10 .cmp/eq 3, L_000002a83819dc70, L_000002a83819f1e8;
L_000002a83819c230 .reduce/nor L_000002a837799080;
L_000002a83819c2d0 .concat [ 1 31 0 0], L_000002a83819b6f0, L_000002a83819f230;
L_000002a83819c5f0 .cmp/eq 3, L_000002a83819dc70, L_000002a83819f278;
L_000002a83819cc30 .concat [ 1 31 0 0], L_000002a83819caf0, L_000002a83819f2c0;
L_000002a83819ccd0 .cmp/eq 3, L_000002a83819dc70, L_000002a83819f308;
L_000002a83819ce10 .reduce/nor L_000002a83819c370;
L_000002a83819ceb0 .cmp/eq 3, L_000002a83819dc70, L_000002a83819f350;
L_000002a83819cf50 .part L_000002a83819d310, 5, 1;
L_000002a83819d090 .cmp/eq 3, L_000002a83819dc70, L_000002a83819f398;
L_000002a83819aa70 .part L_000002a83819d310, 5, 1;
L_000002a83819a9d0 .functor MUXZ 32, L_000002a83819f3e0, L_000002a83819b8d0, L_000002a8381f7840, C4<>;
L_000002a83819abb0 .functor MUXZ 32, L_000002a83819a9d0, L_000002a83819b650, L_000002a837799240, C4<>;
L_000002a8381f9910 .functor MUXZ 32, L_000002a83819abb0, L_000002a83819ab10, L_000002a8377991d0, C4<>;
L_000002a8381fa1d0 .functor MUXZ 32, L_000002a8381f9910, L_000002a83819c730, L_000002a837798d00, C4<>;
L_000002a8381f8790 .functor MUXZ 32, L_000002a8381fa1d0, L_000002a83819cc30, L_000002a83819c5f0, C4<>;
L_000002a8381f8d30 .functor MUXZ 32, L_000002a8381f8790, L_000002a83819c2d0, L_000002a837798c20, C4<>;
L_000002a8381f8a10 .functor MUXZ 32, L_000002a8381f8d30, L_000002a837798d70, L_000002a83819b970, C4<>;
L_000002a8381fa4f0 .functor MUXZ 32, L_000002a8381f8a10, L_000002a837798520, L_000002a83819c190, C4<>;
L_000002a8381f8970 .functor MUXZ 32, L_000002a8381fa4f0, L_000002a837798440, L_000002a83819b830, C4<>;
L_000002a8381fa590 .functor MUXZ 32, L_000002a8381f8970, L_000002a83819c0f0, L_000002a837798bb0, C4<>;
L_000002a8381fa3b0 .functor MUXZ 32, L_000002a8381fa590, L_000002a83819b8d0, L_000002a837799160, C4<>;
L_000002a8381f9ff0 .functor MUXZ 32, L_000002a8381fa3b0, L_000002a83819b8d0, L_000002a8377989f0, C4<>;
L_000002a8381f99b0 .functor MUXZ 32, L_000002a83819d450, L_000002a83819d130, L_000002a8381f77d0, C4<>;
L_000002a8381f9870 .functor MUXZ 32, L_000002a8381f99b0, v000002a8377ca9f0_0, L_000002a8381f78b0, C4<>;
L_000002a8381fa8b0 .arith/sum 32, v000002a8377c9e10_0, L_000002a83819f428;
L_000002a8381f86f0 .functor MUXZ 32, L_000002a83819f470, L_000002a83819bd30, L_000002a83819b150, C4<>;
L_000002a8381f9a50 .functor MUXZ 32, L_000002a8381f86f0, L_000002a83819d770, L_000002a83819bab0, C4<>;
L_000002a8381f9af0 .functor MUXZ 32, L_000002a8381f9a50, L_000002a83819d3b0, L_000002a83819b3d0, C4<>;
L_000002a8381f88d0 .arith/sum 32, v000002a8377c9e10_0, L_000002a8381f9af0;
L_000002a8381fa630 .concat [ 4 28 0 0], v000002a8377cc390_0, L_000002a83819f4b8;
L_000002a8381fa950 .cmp/eq 32, L_000002a8381fa630, L_000002a83819f500;
L_000002a8381f90f0 .concat [ 4 28 0 0], v000002a8377cc390_0, L_000002a83819f548;
L_000002a8381f8dd0 .cmp/eq 32, L_000002a8381f90f0, L_000002a83819f590;
L_000002a8381fa9f0 .functor MUXZ 32, L_000002a83819f5d8, L_000002a8381f9ff0, L_000002a8381f7610, C4<>;
L_000002a8381f8ab0 .part v000002a8377ca950_0, 12, 2;
L_000002a8381f9550 .cmp/eq 2, L_000002a8381f8ab0, L_000002a83819f620;
L_000002a8381fa270 .part v000002a8377ca950_0, 12, 2;
L_000002a8381f8b50 .cmp/eq 2, L_000002a8381fa270, L_000002a83819f668;
L_000002a8381f9b90 .part v000002a8377ca950_0, 14, 1;
L_000002a8381f8bf0 .reduce/nor L_000002a8381f9b90;
L_000002a8381f9370 .part L_000002a8381f92d0, 7, 1;
L_000002a8381f8c90 .part L_000002a8381f9cd0, 15, 1;
L_000002a8381f8e70 .functor MUXZ 1, L_000002a8381f8c90, L_000002a8381f9370, L_000002a8381f9550, C4<>;
LS_000002a8381fa6d0_0_0 .concat [ 1 1 1 1], L_000002a8381f71b0, L_000002a8381f71b0, L_000002a8381f71b0, L_000002a8381f71b0;
LS_000002a8381fa6d0_0_4 .concat [ 1 1 1 1], L_000002a8381f71b0, L_000002a8381f71b0, L_000002a8381f71b0, L_000002a8381f71b0;
LS_000002a8381fa6d0_0_8 .concat [ 1 1 1 1], L_000002a8381f71b0, L_000002a8381f71b0, L_000002a8381f71b0, L_000002a8381f71b0;
LS_000002a8381fa6d0_0_12 .concat [ 1 1 1 1], L_000002a8381f71b0, L_000002a8381f71b0, L_000002a8381f71b0, L_000002a8381f71b0;
LS_000002a8381fa6d0_0_16 .concat [ 1 1 1 1], L_000002a8381f71b0, L_000002a8381f71b0, L_000002a8381f71b0, L_000002a8381f71b0;
LS_000002a8381fa6d0_0_20 .concat [ 1 1 1 1], L_000002a8381f71b0, L_000002a8381f71b0, L_000002a8381f71b0, L_000002a8381f71b0;
LS_000002a8381fa6d0_1_0 .concat [ 4 4 4 4], LS_000002a8381fa6d0_0_0, LS_000002a8381fa6d0_0_4, LS_000002a8381fa6d0_0_8, LS_000002a8381fa6d0_0_12;
LS_000002a8381fa6d0_1_4 .concat [ 4 4 0 0], LS_000002a8381fa6d0_0_16, LS_000002a8381fa6d0_0_20;
L_000002a8381fa6d0 .concat [ 16 8 0 0], LS_000002a8381fa6d0_1_0, LS_000002a8381fa6d0_1_4;
L_000002a8381f8f10 .concat [ 8 24 0 0], L_000002a8381f92d0, L_000002a8381fa6d0;
LS_000002a8381f8fb0_0_0 .concat [ 1 1 1 1], L_000002a8381f71b0, L_000002a8381f71b0, L_000002a8381f71b0, L_000002a8381f71b0;
LS_000002a8381f8fb0_0_4 .concat [ 1 1 1 1], L_000002a8381f71b0, L_000002a8381f71b0, L_000002a8381f71b0, L_000002a8381f71b0;
LS_000002a8381f8fb0_0_8 .concat [ 1 1 1 1], L_000002a8381f71b0, L_000002a8381f71b0, L_000002a8381f71b0, L_000002a8381f71b0;
LS_000002a8381f8fb0_0_12 .concat [ 1 1 1 1], L_000002a8381f71b0, L_000002a8381f71b0, L_000002a8381f71b0, L_000002a8381f71b0;
L_000002a8381f8fb0 .concat [ 4 4 4 4], LS_000002a8381f8fb0_0_0, LS_000002a8381f8fb0_0_4, LS_000002a8381f8fb0_0_8, LS_000002a8381f8fb0_0_12;
L_000002a8381f9050 .concat [ 16 16 0 0], L_000002a8381f9cd0, L_000002a8381f8fb0;
L_000002a8381f83d0 .functor MUXZ 32, v000002a8377cc110_0, L_000002a8381f9050, L_000002a8381f8b50, C4<>;
L_000002a8381f8510 .functor MUXZ 32, L_000002a8381f83d0, L_000002a8381f8f10, L_000002a8381f9550, C4<>;
L_000002a8381f9230 .part L_000002a8381fa9f0, 1, 1;
L_000002a8381f9c30 .part v000002a8377cc110_0, 16, 16;
L_000002a8381f9190 .part v000002a8377cc110_0, 0, 16;
L_000002a8381f9cd0 .functor MUXZ 16, L_000002a8381f9190, L_000002a8381f9c30, L_000002a8381f9230, C4<>;
L_000002a8381f9410 .part L_000002a8381fa9f0, 0, 1;
L_000002a8381f95f0 .part L_000002a8381f9cd0, 8, 8;
L_000002a8381f8470 .part L_000002a8381f9cd0, 0, 8;
L_000002a8381f92d0 .functor MUXZ 8, L_000002a8381f8470, L_000002a8381f95f0, L_000002a8381f9410, C4<>;
L_000002a8381f8650 .part L_000002a8381fa9f0, 1, 1;
L_000002a8381f9d70 .part L_000002a8381fa9f0, 0, 1;
L_000002a8381f9e10 .functor MUXZ 4, L_000002a83819f6f8, L_000002a83819f6b0, L_000002a8381f9d70, C4<>;
L_000002a8381fa310 .part L_000002a8381fa9f0, 0, 1;
L_000002a8381fa450 .functor MUXZ 4, L_000002a83819f788, L_000002a83819f740, L_000002a8381fa310, C4<>;
L_000002a8381f94b0 .functor MUXZ 4, L_000002a8381fa450, L_000002a8381f9e10, L_000002a8381f8650, C4<>;
L_000002a8381f8830 .part L_000002a8381fa9f0, 1, 1;
L_000002a8381f9690 .functor MUXZ 4, L_000002a83819f818, L_000002a83819f7d0, L_000002a8381f8830, C4<>;
L_000002a8381f9730 .functor MUXZ 4, L_000002a83819f860, L_000002a8381f9690, L_000002a8381f8b50, C4<>;
L_000002a8381f9eb0 .functor MUXZ 4, L_000002a8381f9730, L_000002a8381f94b0, L_000002a8381f9550, C4<>;
L_000002a8381f9f50 .concat [ 4 28 0 0], v000002a8377cc390_0, L_000002a83819f8a8;
L_000002a8381f97d0 .cmp/eq 32, L_000002a8381f9f50, L_000002a83819f8f0;
L_000002a8381faa90 .concat [ 1 1 1 1], L_000002a8381f7920, L_000002a8381f7920, L_000002a8381f7920, L_000002a8381f7920;
L_000002a8381fa090 .concat [ 4 28 0 0], v000002a8377cc390_0, L_000002a83819f938;
L_000002a8381fa130 .cmp/eq 32, L_000002a8381fa090, L_000002a83819f980;
L_000002a8381fa770 .functor MUXZ 32, v000002a8377c9e10_0, L_000002a8381fa9f0, L_000002a8381f7680, C4<>;
L_000002a8381f85b0 .concat [ 4 28 0 0], v000002a8377cc390_0, L_000002a83819f9c8;
L_000002a8381fa810 .cmp/eq 32, L_000002a8381f85b0, L_000002a83819fa10;
L_000002a8381fab30 .part v000002a8377ca9f0_0, 0, 8;
L_000002a8381fb5d0 .part L_000002a8381fa9f0, 0, 1;
L_000002a8381fabd0 .part v000002a8377ca9f0_0, 0, 8;
L_000002a8381fb530 .part v000002a8377ca9f0_0, 8, 8;
L_000002a8381fc1b0 .functor MUXZ 8, L_000002a8381fb530, L_000002a8381fabd0, L_000002a8381fb5d0, C4<>;
L_000002a8381fb2b0 .part L_000002a8381fa9f0, 1, 1;
L_000002a8381fb850 .part v000002a8377ca9f0_0, 0, 8;
L_000002a8381fc110 .part v000002a8377ca9f0_0, 16, 8;
L_000002a8381fb670 .functor MUXZ 8, L_000002a8381fc110, L_000002a8381fb850, L_000002a8381fb2b0, C4<>;
L_000002a8381fb710 .concat8 [ 8 8 8 8], L_000002a8381fab30, L_000002a8381fc1b0, L_000002a8381fb670, L_000002a8381fad10;
L_000002a8381fbfd0 .part L_000002a8381fa9f0, 0, 1;
L_000002a8381fb7b0 .part v000002a8377ca9f0_0, 0, 8;
L_000002a8381fae50 .part L_000002a8381fa9f0, 1, 1;
L_000002a8381fc250 .part v000002a8377ca9f0_0, 8, 8;
L_000002a8381fac70 .part v000002a8377ca9f0_0, 24, 8;
L_000002a8381fb8f0 .functor MUXZ 8, L_000002a8381fac70, L_000002a8381fc250, L_000002a8381fae50, C4<>;
L_000002a8381fad10 .functor MUXZ 8, L_000002a8381fb8f0, L_000002a8381fb7b0, L_000002a8381fbfd0, C4<>;
L_000002a8381fadb0 .concat [ 4 28 0 0], v000002a8377cc390_0, L_000002a83819fa58;
L_000002a8381fba30 .cmp/eq 32, L_000002a8381fadb0, L_000002a83819faa0;
L_000002a8381fb990 .concat [ 4 28 0 0], v000002a8377cc390_0, L_000002a83819fae8;
L_000002a8381faef0 .cmp/eq 32, L_000002a8381fb990, L_000002a83819fb30;
L_000002a8381fbc10 .functor MUXZ 32, L_000002a83819fb78, L_000002a8381f88d0, L_000002a83819b150, C4<>;
L_000002a8381fbad0 .functor MUXZ 32, L_000002a8381fbc10, L_000002a83819bd30, L_000002a83819b470, C4<>;
L_000002a8381fbcb0 .functor MUXZ 32, L_000002a8381fbad0, L_000002a8381fa8b0, L_000002a8381f7d10, C4<>;
L_000002a8381fb490 .functor MUXZ 32, L_000002a8381fbcb0, L_000002a8381f8510, L_000002a83819b0b0, C4<>;
L_000002a8381fbb70 .functor MUXZ 32, L_000002a8381fb490, L_000002a8381f9ff0, L_000002a8381f7c30, C4<>;
S_000002a8376e2720 .scope module, "mem0" "progmem" 2 22, 4 5 0, S_000002a83779d420;
 .timescale 0 0;
    .port_info 0 /INPUT 1 "rst";
    .port_info 1 /INPUT 1 "clk";
    .port_info 2 /INPUT 32 "addr";
    .port_info 3 /INPUT 32 "data_in";
    .port_info 4 /INPUT 1 "rd_strobe";
    .port_info 5 /INPUT 4 "wr_strobe";
    .port_info 6 /OUTPUT 32 "data_out";
P_000002a83778cfe0 .param/l "MEM_SIZE" 0 4 14, +C4<00000000000000000000010000000000>;
v000002a8377cc430 .array "PROGMEM", 1023 0, 31 0;
v000002a8377cbd50_0 .net "addr", 31 0, L_000002a8381fa770;  alias, 1 drivers
v000002a8377cbe90_0 .net "clk", 0 0, o000002a8381633e8;  alias, 0 drivers
v000002a8377cbf30_0 .net "data_in", 31 0, L_000002a8381fb710;  alias, 1 drivers
v000002a8377cc110_0 .var "data_out", 31 0;
v000002a8377cc4d0_0 .net "mem_loc", 29 0, L_000002a8381faf90;  1 drivers
v000002a83819d1d0_0 .net "rd_strobe", 0 0, L_000002a8381f7140;  alias, 1 drivers
v000002a83819db30_0 .net "rst", 0 0, o000002a8381639b8;  alias, 0 drivers
v000002a83819d4f0_0 .net "wr_strobe", 3 0, L_000002a8381f7ae0;  alias, 1 drivers
L_000002a8381faf90 .part L_000002a8381fa770, 2, 30;
    .scope S_000002a83774b190;
T_0 ;
    %pushi/vec4 0, 0, 32;
    %store/vec4 v000002a8377ca770_0, 0, 32;
    %pushi/vec4 0, 0, 4;
    %store/vec4 v000002a8377cc390_0, 0, 4;
    %pushi/vec4 0, 0, 32;
    %store/vec4 v000002a8377c9e10_0, 0, 32;
    %pushi/vec4 0, 0, 32;
    %ix/load 4, 0, 0;
    %flag_set/imm 4, 0;
    %store/vec4a v000002a8377cbad0, 4, 0;
    %end;
    .thread T_0;
    .scope S_000002a83774b190;
T_1 ;
    %wait E_000002a83778ce20;
    %load/vec4 v000002a8377cbb70_0;
    %nor/r;
    %flag_set/vec4 8;
    %jmp/0xz  T_1.0, 8;
    %pushi/vec4 0, 0, 32;
    %assign/vec4 v000002a8377c9e10_0, 0;
    %pushi/vec4 0, 0, 4;
    %assign/vec4 v000002a8377cc390_0, 0;
    %pushi/vec4 0, 0, 32;
    %assign/vec4 v000002a8377ca950_0, 0;
    %jmp T_1.1;
T_1.0 ;
    %load/vec4 v000002a8377cc390_0;
    %dup/vec4;
    %pushi/vec4 0, 0, 4;
    %cmp/u;
    %jmp/1 T_1.2, 6;
    %dup/vec4;
    %pushi/vec4 1, 0, 4;
    %cmp/u;
    %jmp/1 T_1.3, 6;
    %dup/vec4;
    %pushi/vec4 2, 0, 4;
    %cmp/u;
    %jmp/1 T_1.4, 6;
    %dup/vec4;
    %pushi/vec4 3, 0, 4;
    %cmp/u;
    %jmp/1 T_1.5, 6;
    %dup/vec4;
    %pushi/vec4 4, 0, 4;
    %cmp/u;
    %jmp/1 T_1.6, 6;
    %dup/vec4;
    %pushi/vec4 5, 0, 4;
    %cmp/u;
    %jmp/1 T_1.7, 6;
    %dup/vec4;
    %pushi/vec4 6, 0, 4;
    %cmp/u;
    %jmp/1 T_1.8, 6;
    %jmp T_1.9;
T_1.2 ;
    %load/vec4 v000002a8377cbb70_0;
    %nor/r;
    %flag_set/vec4 8;
    %jmp/0xz  T_1.10, 8;
    %pushi/vec4 0, 0, 4;
    %assign/vec4 v000002a8377cc390_0, 0;
    %jmp T_1.11;
T_1.10 ;
    %pushi/vec4 1, 0, 4;
    %assign/vec4 v000002a8377cc390_0, 0;
T_1.11 ;
    %jmp T_1.9;
T_1.3 ;
    %pushi/vec4 2, 0, 4;
    %assign/vec4 v000002a8377cc390_0, 0;
    %jmp T_1.9;
T_1.4 ;
    %load/vec4 v000002a8377cc890_0;
    %assign/vec4 v000002a8377ca950_0, 0;
    %pushi/vec4 3, 0, 4;
    %assign/vec4 v000002a8377cc390_0, 0;
    %jmp T_1.9;
T_1.5 ;
    %load/vec4 v000002a8377ca950_0;
    %parti/s 5, 15, 5;
    %pad/u 7;
    %ix/vec4 4;
    %load/vec4a v000002a8377cbad0, 4;
    %assign/vec4 v000002a8377cb210_0, 0;
    %load/vec4 v000002a8377ca950_0;
    %parti/s 5, 20, 6;
    %pad/u 7;
    %ix/vec4 4;
    %load/vec4a v000002a8377cbad0, 4;
    %assign/vec4 v000002a8377ca9f0_0, 0;
    %load/vec4 v000002a8377cb530_0;
    %inv;
    %flag_set/vec4 8;
    %jmp/0 T_1.12, 8;
    %pushi/vec4 4, 0, 32;
    %jmp/1 T_1.13, 8;
T_1.12 ; End of true expr.
    %pushi/vec4 7, 0, 32;
    %jmp/0 T_1.13, 8;
 ; End of false expr.
    %blend;
T_1.13;
    %pad/s 4;
    %assign/vec4 v000002a8377cc390_0, 0;
    %jmp T_1.9;
T_1.6 ;
    %load/vec4 v000002a8377cc7f0_0;
    %load/vec4 v000002a8377c0d10_0;
    %and;
    %load/vec4 v000002a8377cb670_0;
    %or;
    %flag_set/vec4 8;
    %jmp/0 T_1.14, 8;
    %load/vec4 v000002a8377cb990_0;
    %jmp/1 T_1.15, 8;
T_1.14 ; End of true expr.
    %load/vec4 v000002a8377cc9d0_0;
    %flag_set/vec4 9;
    %jmp/0 T_1.16, 9;
    %load/vec4 v000002a8377ca8b0_0;
    %jmp/1 T_1.17, 9;
T_1.16 ; End of true expr.
    %load/vec4 v000002a8377cb8f0_0;
    %jmp/0 T_1.17, 9;
 ; End of false expr.
    %blend;
T_1.17;
    %jmp/0 T_1.15, 8;
 ; End of false expr.
    %blend;
T_1.15;
    %assign/vec4 v000002a8377c9e10_0, 0;
    %load/vec4 v000002a8377cb5d0_0;
    %load/vec4 v000002a8377cc570_0;
    %or;
    %load/vec4 v000002a8377cb670_0;
    %or;
    %load/vec4 v000002a8377cc9d0_0;
    %or;
    %nor/r;
    %flag_set/vec4 8;
    %jmp/0 T_1.18, 8;
    %pushi/vec4 1, 0, 32;
    %jmp/1 T_1.19, 8;
T_1.18 ; End of true expr.
    %pushi/vec4 5, 0, 32;
    %jmp/0 T_1.19, 8;
 ; End of false expr.
    %blend;
T_1.19;
    %pad/s 4;
    %assign/vec4 v000002a8377cc390_0, 0;
    %jmp T_1.9;
T_1.7 ;
    %pushi/vec4 6, 0, 4;
    %assign/vec4 v000002a8377cc390_0, 0;
    %jmp T_1.9;
T_1.8 ;
    %pushi/vec4 1, 0, 4;
    %assign/vec4 v000002a8377cc390_0, 0;
    %jmp T_1.9;
T_1.9 ;
    %pop/vec4 1;
T_1.1 ;
    %jmp T_1;
    .thread T_1;
    .scope S_000002a83774b190;
T_2 ;
    %wait E_000002a83778ce20;
    %load/vec4 v000002a8377cbb70_0;
    %flag_set/vec4 8;
    %jmp/0xz  T_2.0, 8;
    %pushi/vec4 0, 0, 32;
    %assign/vec4 v000002a8377ca770_0, 0;
    %jmp T_2.1;
T_2.0 ;
    %load/vec4 v000002a8377cc390_0;
    %pad/u 32;
    %cmpi/ne 7, 0, 32;
    %jmp/0xz  T_2.2, 4;
    %load/vec4 v000002a8377ca770_0;
    %addi 1, 0, 32;
    %assign/vec4 v000002a8377ca770_0, 0;
T_2.2 ;
T_2.1 ;
    %jmp T_2;
    .thread T_2;
    .scope S_000002a83774b190;
T_3 ;
    %wait E_000002a83778ce20;
    %load/vec4 v000002a8377cbdf0_0;
    %flag_set/vec4 8;
    %jmp/0xz  T_3.0, 8;
    %load/vec4 v000002a8377cc070_0;
    %pad/u 32;
    %cmpi/ne 0, 0, 32;
    %jmp/0xz  T_3.2, 4;
    %load/vec4 v000002a8377cbcb0_0;
    %load/vec4 v000002a8377cc070_0;
    %pad/u 7;
    %ix/vec4 3;
    %ix/load 4, 0, 0; Constant delay
    %assign/vec4/a/d v000002a8377cbad0, 0, 4;
T_3.2 ;
T_3.0 ;
    %jmp T_3;
    .thread T_3;
    .scope S_000002a8376e2720;
T_4 ;
    %vpi_call 4 19 "$readmemh", "firmware.hex", v000002a8377cc430 {0 0 0};
    %end;
    .thread T_4;
    .scope S_000002a8376e2720;
T_5 ;
    %wait E_000002a83778ce20;
    %load/vec4 v000002a83819db30_0;
    %flag_set/vec4 8;
    %jmp/0xz  T_5.0, 8;
    %pushi/vec4 0, 0, 32;
    %assign/vec4 v000002a8377cc110_0, 0;
    %jmp T_5.1;
T_5.0 ;
    %load/vec4 v000002a83819d1d0_0;
    %flag_set/vec4 8;
    %jmp/0xz  T_5.2, 8;
    %ix/getv 4, v000002a8377cc4d0_0;
    %load/vec4a v000002a8377cc430, 4;
    %assign/vec4 v000002a8377cc110_0, 0;
T_5.2 ;
T_5.1 ;
    %jmp T_5;
    .thread T_5;
    .scope S_000002a8376e2720;
T_6 ;
    %wait E_000002a83778ce20;
    %load/vec4 v000002a83819d4f0_0;
    %parti/s 1, 0, 2;
    %flag_set/vec4 8;
    %jmp/0xz  T_6.0, 8;
    %load/vec4 v000002a8377cbf30_0;
    %parti/s 8, 0, 2;
    %ix/getv 3, v000002a8377cc4d0_0;
    %ix/load 4, 0, 0; Constant delay
    %assign/vec4/a/d v000002a8377cc430, 0, 4;
T_6.0 ;
    %load/vec4 v000002a83819d4f0_0;
    %parti/s 1, 1, 2;
    %flag_set/vec4 8;
    %jmp/0xz  T_6.2, 8;
    %load/vec4 v000002a8377cbf30_0;
    %parti/s 8, 8, 5;
    %ix/getv 3, v000002a8377cc4d0_0;
    %ix/load 4, 8, 0; part off
    %ix/load 5, 0, 0; Constant delay
    %assign/vec4/a/d v000002a8377cc430, 4, 5;
T_6.2 ;
    %load/vec4 v000002a83819d4f0_0;
    %parti/s 1, 2, 3;
    %flag_set/vec4 8;
    %jmp/0xz  T_6.4, 8;
    %load/vec4 v000002a8377cbf30_0;
    %parti/s 8, 16, 6;
    %ix/getv 3, v000002a8377cc4d0_0;
    %ix/load 4, 16, 0; part off
    %ix/load 5, 0, 0; Constant delay
    %assign/vec4/a/d v000002a8377cc430, 4, 5;
T_6.4 ;
    %load/vec4 v000002a83819d4f0_0;
    %parti/s 1, 3, 3;
    %flag_set/vec4 8;
    %jmp/0xz  T_6.6, 8;
    %load/vec4 v000002a8377cbf30_0;
    %parti/s 8, 24, 6;
    %ix/getv 3, v000002a8377cc4d0_0;
    %ix/load 4, 24, 0; part off
    %ix/load 5, 0, 0; Constant delay
    %assign/vec4/a/d v000002a8377cc430, 4, 5;
T_6.6 ;
    %jmp T_6;
    .thread T_6;
# The file index is used to find the file name in the following table.
:file_names 5;
    "N/A";
    "<interactive>";
    "top.v";
    "./cpu.v";
    "./progmem.v";
